[2025-10-14T06:10:11.990Z] WL loaded: 1175 | BL loaded: 181 | NEU loaded: 447
[2025-10-14T06:10:39.139Z] WL loaded: 1175 | BL loaded: 181 | NEU loaded: 447
[2025-10-14T06:10:44.395Z] WL loaded: 1175 | BL loaded: 181 | NEU loaded: 447
[2025-10-14T06:10:49.737Z] WL loaded: 1175 | BL loaded: 181 | NEU loaded: 447
[2025-10-14T06:10:54.970Z] WL loaded: 1175 | BL loaded: 181 | NEU loaded: 447
[2025-10-14T06:11:00.235Z] WL loaded: 1175 | BL loaded: 181 | NEU loaded: 447
[2025-10-14T06:16:12.495Z] WL loaded: 1175 | BL loaded: 181 | NEU loaded: 447
[2025-10-14T06:16:18.870Z] WL loaded: 1175 | BL loaded: 181 | NEU loaded: 447
[2025-10-14T06:16:24.127Z] WL loaded: 1175 | BL loaded: 181 | NEU loaded: 447
[2025-10-14T06:16:29.321Z] WL loaded: 1175 | BL loaded: 181 | NEU loaded: 447
[2025-10-14T06:16:34.444Z] WL loaded: 1175 | BL loaded: 181 | NEU loaded: 447
[2025-10-14T06:16:39.667Z] WL loaded: 1175 | BL loaded: 181 | NEU loaded: 447
[2025-10-14T06:16:57.998Z] WL loaded: 1175 | BL loaded: 181 | NEU loaded: 447
[2025-10-14T06:17:26.078Z] WL loaded: 1175 | BL loaded: 181 | NEU loaded: 447
[2025-10-14T06:17:31.399Z] WL loaded: 1175 | BL loaded: 181 | NEU loaded: 447
[2025-10-14T06:17:36.745Z] WL loaded: 1175 | BL loaded: 181 | NEU loaded: 447
[2025-10-14T06:17:43.205Z] WL loaded: 1175 | BL loaded: 181 | NEU loaded: 447
[2025-10-14T06:17:43.356Z] WL loaded: 1175 | BL loaded: 181 | NEU loaded: 447
[2025-10-14T06:17:43.522Z] WL loaded: 1175 | BL loaded: 181 | NEU loaded: 447
[2025-10-14T06:17:43.680Z] WL loaded: 1175 | BL loaded: 181 | NEU loaded: 447
[2025-10-14T06:17:43.871Z] WL loaded: 1175 | BL loaded: 181 | NEU loaded: 447
[2025-10-14T06:17:44.043Z] WL loaded: 1175 | BL loaded: 181 | NEU loaded: 447
[2025-10-14T06:17:44.197Z] WL loaded: 1175 | BL loaded: 181 | NEU loaded: 447
[2025-10-14T06:17:44.318Z] WL loaded: 1175 | BL loaded: 181 | NEU loaded: 447
[2025-10-14T06:17:44.479Z] WL loaded: 1175 | BL loaded: 181 | NEU loaded: 447
[2025-10-14T06:17:44.625Z] WL loaded: 1175 | BL loaded: 181 | NEU loaded: 447
[2025-10-14T06:39:07.136Z] WL loaded: 1175 | BL loaded: 181 | NEU loaded: 447
[2025-10-14T06:39:14.702Z] WL loaded: 1175 | BL loaded: 181 | NEU loaded: 447
[2025-10-14T06:39:20.805Z] WL loaded: 1175 | BL loaded: 181 | NEU loaded: 447
[2025-10-14T06:39:27.425Z] WL loaded: 1175 | BL loaded: 181 | NEU loaded: 447
[2025-10-14T06:39:34.107Z] WL loaded: 1175 | BL loaded: 181 | NEU loaded: 447
[2025-10-14T06:39:40.852Z] WL loaded: 1175 | BL loaded: 181 | NEU loaded: 447
[2025-10-14T06:39:46.780Z] WL loaded: 1175 | BL loaded: 181 | NEU loaded: 447
[2025-10-14T06:39:52.298Z] WL loaded: 1175 | BL loaded: 181 | NEU loaded: 447
[2025-10-14T06:40:01.478Z] WL loaded: 1175 | BL loaded: 181 | NEU loaded: 447
[2025-10-14T06:40:14.278Z] WL loaded: 1175 | BL loaded: 181 | NEU loaded: 447
[2025-10-14T06:40:21.466Z] WL loaded: 1175 | BL loaded: 181 | NEU loaded: 447
[2025-10-14T06:40:21.579Z] WL loaded: 1175 | BL loaded: 181 | NEU loaded: 447
[2025-10-14T06:40:21.753Z] WL loaded: 1175 | BL loaded: 181 | NEU loaded: 447
[2025-10-14T06:40:21.866Z] WL loaded: 1175 | BL loaded: 181 | NEU loaded: 447
[2025-10-14T06:40:22.012Z] WL loaded: 1175 | BL loaded: 181 | NEU loaded: 447
[2025-10-14T06:40:22.168Z] WL loaded: 1175 | BL loaded: 181 | NEU loaded: 447
[2025-10-14T06:40:23.059Z] WL loaded: 1175 | BL loaded: 181 | NEU loaded: 447
[2025-10-14T06:40:27.110Z] WL loaded: 1175 | BL loaded: 181 | NEU loaded: 447
[2025-10-14T06:40:27.111Z] WL loaded: 1175 | BL loaded: 181 | NEU loaded: 447
[2025-10-14T06:40:27.122Z] WL loaded: 1175 | BL loaded: 181 | NEU loaded: 447
[2025-10-20T12:07:58.955Z] WL loaded: 1175 | BL loaded: 181 | NEU loaded: 447
[2025-10-21T08:10:56.283Z] WL loaded: 1175 | BL loaded: 181 | NEU loaded: 447
[2025-10-21T08:10:56.326Z] ✅ Kortord hanterat (Ja)
[2025-10-21T08:10:56.335Z] ✅ Kortord hanterat (Hej)
[2025-10-21T08:10:56.339Z] 👋 Greeting detected: Hej, hur mår du?
[2025-10-21T08:10:56.340Z] 👋 Hälsning hanterad (Hej, hur mår du?)
[2025-10-21T08:10:56.359Z] ✅ Kortord hanterat (Tak)
[2025-10-21T08:10:56.372Z] ✅ Kortord hanterat (Danke)
[2025-10-21T08:10:56.382Z] ✅ Kortord hanterat (Hi)
[2025-10-21T08:10:56.389Z] ✅ Kortord hanterat (Ok)
[2025-10-21T08:10:56.391Z] 👋 Greeting detected: Hej, how are you?
[2025-10-21T08:10:56.391Z] 👋 Hälsning hanterad (Hej, how are you?)
[2025-10-21T08:10:56.399Z] 🚫 Gibberish: låg bokstavsanddel (0.00)
[2025-10-21T08:19:45.673Z] WL loaded: 1175 | BL loaded: 181 | NEU loaded: 447
[2025-10-21T08:19:45.678Z] 👋 Greeting detected: Hej, hur mår du?
[2025-10-21T08:19:45.684Z] 👋 Greeting detected: Hej, hur mår du?
[2025-10-21T08:19:45.685Z] 👋 Hälsning hanterad (Hej, hur mår du?)
[2025-10-21T08:19:45.713Z] 👋 Greeting detected: Hej, how are you?
[2025-10-21T08:19:45.716Z] 🚫 Gibberish: låg bokstavsanddel (0.00)
[2025-10-21T08:33:45.136Z] WL loaded: 1175 | BL loaded: 181 | NEU loaded: 447
[2025-10-21T08:33:45.144Z] 👋 Greeting detected: Hej, hur mår du?
[2025-10-21T08:33:45.157Z] 👋 Greeting detected: Hvordan har du det i dag?
[2025-10-21T08:33:45.174Z] 👋 Greeting detected: How are you doing today?
[2025-10-21T08:33:45.175Z] 👋 Greeting detected: Hej, how are you?
[2025-10-21T08:33:45.179Z] 🚫 Gibberish: låg bokstavsanddel (0.00)
[2025-10-21T08:41:16.916Z] WL loaded: 1175 | BL loaded: 181 | NEU loaded: 447
[2025-10-21T08:41:16.923Z] 👋 Greeting detected: Hej, hur mår du?
[2025-10-21T08:41:16.936Z] 👋 Greeting detected: Hvordan har du det i dag?
[2025-10-21T08:41:16.953Z] 👋 Greeting detected: How are you doing today?
[2025-10-21T08:41:16.954Z] 👋 Greeting detected: Hej, how are you?
[2025-10-21T08:41:16.958Z] 🚫 Gibberish: låg bokstavsanddel (0.00)
